2019-12-06 16:02:29,478 INFO o.a.j.u.JMeterUtils: Setting Locale to en_EN
2019-12-06 16:02:29,487 INFO o.a.j.JMeter: Loading user properties from: C:\Users\17633\Downloads\apache-jmeter-5.2\apache-jmeter-5.2\bin\user.properties
2019-12-06 16:02:29,488 INFO o.a.j.JMeter: Loading system properties from: C:\Users\17633\Downloads\apache-jmeter-5.2\apache-jmeter-5.2\bin\system.properties
2019-12-06 16:02:29,488 INFO o.a.j.JMeter: Copyright (c) 1998-2019 The Apache Software Foundation
2019-12-06 16:02:29,488 INFO o.a.j.JMeter: Version 5.2
2019-12-06 16:02:29,489 INFO o.a.j.JMeter: java.version=1.8.0_231
2019-12-06 16:02:29,489 INFO o.a.j.JMeter: java.vm.name=Java HotSpot(TM) Client VM
2019-12-06 16:02:29,489 INFO o.a.j.JMeter: os.name=Windows 10
2019-12-06 16:02:29,489 INFO o.a.j.JMeter: os.arch=x86
2019-12-06 16:02:29,489 INFO o.a.j.JMeter: os.version=10.0
2019-12-06 16:02:29,489 INFO o.a.j.JMeter: file.encoding=Cp1252
2019-12-06 16:02:29,489 INFO o.a.j.JMeter: java.awt.headless=true
2019-12-06 16:02:29,489 INFO o.a.j.JMeter: Max memory     =1073741824
2019-12-06 16:02:29,489 INFO o.a.j.JMeter: Available Processors =8
2019-12-06 16:02:29,491 INFO o.a.j.JMeter: Default Locale=English (EN)
2019-12-06 16:02:29,491 INFO o.a.j.JMeter: JMeter  Locale=English (EN)
2019-12-06 16:02:29,491 INFO o.a.j.JMeter: JMeterHome=C:\Users\17633\Downloads\apache-jmeter-5.2\apache-jmeter-5.2
2019-12-06 16:02:29,491 INFO o.a.j.JMeter: user.dir  =C:\Users\17633\Desktop\Revature\jmeter demo\assignment-jmeter\DemoSpringWebApplication
2019-12-06 16:02:29,492 INFO o.a.j.JMeter: PWD       =C:\Users\17633\Desktop\Revature\jmeter demo\assignment-jmeter\DemoSpringWebApplication
2019-12-06 16:02:29,493 INFO o.a.j.JMeter: IP: 192.168.99.1 Name: DESKTOP-NN5HOD2 FullName: DESKTOP-NN5HOD2
2019-12-06 16:02:29,495 INFO o.a.j.JMeter: Setting property 'jmeter.reportgenerator.outputdir' to:'C:\Users\17633\Desktop\Revature\jmeter demo\assignment-jmeter\DemoSpringWebApplication\result'
2019-12-06 16:02:29,497 INFO o.a.j.s.FileServer: Default base='C:\Users\17633\Desktop\Revature\jmeter demo\assignment-jmeter\DemoSpringWebApplication'
2019-12-06 16:02:29,500 INFO o.a.j.s.FileServer: Set new base='C:\Users\17633\Desktop\Revature\jmeter demo\assignment-jmeter\DemoSpringWebApplication'
2019-12-06 16:02:29,590 INFO o.a.j.s.SaveService: Testplan (JMX) version: 2.2. Testlog (JTL) version: 2.2
2019-12-06 16:02:29,594 INFO o.a.j.s.SaveService: Using SaveService properties file encoding UTF-8
2019-12-06 16:02:29,597 INFO o.a.j.s.SaveService: Using SaveService properties version 5.0
2019-12-06 16:02:29,601 INFO o.a.j.s.SaveService: Loading file: all-paths.jmx
2019-12-06 16:02:29,645 INFO o.a.j.p.h.c.CookieManager: Settings: Delete null: true Check: true Allow variable: true Save: true Prefix: COOKIE_
2019-12-06 16:02:29,666 INFO o.a.j.p.h.s.HTTPSamplerBase: Parser for text/html is org.apache.jmeter.protocol.http.parser.LagartoBasedHtmlParser
2019-12-06 16:02:29,666 INFO o.a.j.p.h.s.HTTPSamplerBase: Parser for application/xhtml+xml is org.apache.jmeter.protocol.http.parser.LagartoBasedHtmlParser
2019-12-06 16:02:29,666 INFO o.a.j.p.h.s.HTTPSamplerBase: Parser for application/xml is org.apache.jmeter.protocol.http.parser.LagartoBasedHtmlParser
2019-12-06 16:02:29,666 INFO o.a.j.p.h.s.HTTPSamplerBase: Parser for text/xml is org.apache.jmeter.protocol.http.parser.LagartoBasedHtmlParser
2019-12-06 16:02:29,666 INFO o.a.j.p.h.s.HTTPSamplerBase: Parser for text/vnd.wap.wml is org.apache.jmeter.protocol.http.parser.RegexpHTMLParser
2019-12-06 16:02:29,667 INFO o.a.j.p.h.s.HTTPSamplerBase: Parser for text/css is org.apache.jmeter.protocol.http.parser.CssParser
2019-12-06 16:02:29,864 INFO o.a.j.e.KeyToolUtils: keytool found at 'keytool'
2019-12-06 16:02:29,865 INFO o.a.j.p.h.p.ProxyControl: HTTP(S) Test Script Recorder SSL Proxy will use keys that support embedded 3rd party resources in file C:\Users\17633\Downloads\apache-jmeter-5.2\apache-jmeter-5.2\bin\proxyserver.jks
2019-12-06 16:02:29,881 INFO o.a.j.JMeter: Creating summariser <summary>
2019-12-06 16:02:29,885 INFO o.a.j.r.d.ReportGenerator: ReportGenerator will use for Parsing the separator: ','
2019-12-06 16:02:29,886 INFO o.a.j.r.d.ReportGenerator: Will generate report at end of test from  results file: result.csv
2019-12-06 16:02:29,886 INFO o.a.j.r.d.ReportGenerator: Reading report generator properties from: C:\Users\17633\Downloads\apache-jmeter-5.2\apache-jmeter-5.2\bin\reportgenerator.properties
2019-12-06 16:02:29,887 INFO o.a.j.r.d.ReportGenerator: Merging with JMeter properties
2019-12-06 16:02:29,891 INFO o.a.j.r.c.ReportGeneratorConfiguration: Property 'jmeter.reportgenerator.temp_dir' not found, using default value 'temp' instead.
2019-12-06 16:02:29,893 INFO o.a.j.r.c.ReportGeneratorConfiguration: Property 'jmeter.reportgenerator.apdex_per_transaction' not found, using default value 'null' instead.
2019-12-06 16:02:29,893 INFO o.a.j.r.c.ReportGeneratorConfiguration: apdex_per_transaction is empty, not APDEX per transaction customization
2019-12-06 16:02:29,893 INFO o.a.j.r.c.ReportGeneratorConfiguration: Property 'jmeter.reportgenerator.sample_filter' not found, using default value 'null' instead.
2019-12-06 16:02:29,893 INFO o.a.j.r.c.ReportGeneratorConfiguration: Property 'jmeter.reportgenerator.report_title' not found, using default value 'null' instead.
2019-12-06 16:02:29,893 INFO o.a.j.r.c.ReportGeneratorConfiguration: Property 'jmeter.reportgenerator.start_date' not found, using default value 'null' instead.
2019-12-06 16:02:29,893 INFO o.a.j.r.c.ReportGeneratorConfiguration: Property 'jmeter.reportgenerator.end_date' not found, using default value 'null' instead.
2019-12-06 16:02:29,894 INFO o.a.j.r.c.ReportGeneratorConfiguration: Property 'jmeter.reportgenerator.date_format' not found, using default value 'null' instead.
2019-12-06 16:02:29,894 INFO o.a.j.r.c.ReportGeneratorConfiguration: Will use date range start date: null, end date: null
2019-12-06 16:02:29,897 INFO o.a.j.r.c.ReportGeneratorConfiguration: Property 'jmeter.reportgenerator.graph.totalTPS.exclude_controllers' not found, using default value 'false' instead.
2019-12-06 16:02:29,897 INFO o.a.j.r.c.ReportGeneratorConfiguration: Property 'jmeter.reportgenerator.graph.activeThreadsOverTime.exclude_controllers' not found, using default value 'false' instead.
2019-12-06 16:02:29,897 INFO o.a.j.r.c.ReportGeneratorConfiguration: Property 'jmeter.reportgenerator.graph.timeVsThreads.exclude_controllers' not found, using default value 'false' instead.
2019-12-06 16:02:29,898 INFO o.a.j.r.c.ReportGeneratorConfiguration: Property 'jmeter.reportgenerator.graph.responseTimeDistribution.exclude_controllers' not found, using default value 'false' instead.
2019-12-06 16:02:29,898 INFO o.a.j.r.c.ReportGeneratorConfiguration: Property 'jmeter.reportgenerator.graph.transactionsPerSecond.exclude_controllers' not found, using default value 'false' instead.
2019-12-06 16:02:29,898 INFO o.a.j.r.c.ReportGeneratorConfiguration: Property 'jmeter.reportgenerator.graph.responseTimePercentiles.exclude_controllers' not found, using default value 'false' instead.
2019-12-06 16:02:29,898 INFO o.a.j.r.c.ReportGeneratorConfiguration: Property 'jmeter.reportgenerator.graph.responseTimePercentilesOverTime.exclude_controllers' not found, using default value 'false' instead.
2019-12-06 16:02:29,898 INFO o.a.j.r.c.ReportGeneratorConfiguration: Property 'jmeter.reportgenerator.graph.responseTimesOverTime.exclude_controllers' not found, using default value 'false' instead.
2019-12-06 16:02:29,898 INFO o.a.j.r.c.ReportGeneratorConfiguration: Property 'jmeter.reportgenerator.graph.connectTimeOverTime.exclude_controllers' not found, using default value 'false' instead.
2019-12-06 16:02:29,898 INFO o.a.j.r.c.ReportGeneratorConfiguration: Property 'jmeter.reportgenerator.graph.latenciesOverTime.exclude_controllers' not found, using default value 'false' instead.
2019-12-06 16:02:29,899 INFO o.a.j.r.c.ReportGeneratorConfiguration: Property 'jmeter.reportgenerator.exporter.json.filters_only_sample_series' not found, using default value 'true' instead.
2019-12-06 16:02:29,899 INFO o.a.j.r.c.ReportGeneratorConfiguration: Property 'jmeter.reportgenerator.exporter.json.series_filter' not found, using default value '' instead.
2019-12-06 16:02:29,899 INFO o.a.j.r.c.ReportGeneratorConfiguration: Property 'jmeter.reportgenerator.exporter.json.show_controllers_only' not found, using default value 'false' instead.
2019-12-06 16:02:29,899 INFO o.a.j.r.c.ReportGeneratorConfiguration: Property 'jmeter.reportgenerator.exporter.html.filters_only_sample_series' not found, using default value 'true' instead.
2019-12-06 16:02:29,899 INFO o.a.j.r.c.ReportGeneratorConfiguration: Property 'jmeter.reportgenerator.exporter.html.series_filter' not found, using default value '' instead.
2019-12-06 16:02:29,899 INFO o.a.j.r.c.ReportGeneratorConfiguration: Property 'jmeter.reportgenerator.exporter.html.show_controllers_only' not found, using default value 'false' instead.
2019-12-06 16:02:29,902 INFO o.a.j.e.StandardJMeterEngine: Running the test!
2019-12-06 16:02:29,903 INFO o.a.j.s.SampleEvent: List of sample_variables: []
2019-12-06 16:02:29,903 INFO o.a.j.s.SampleEvent: List of sample_variables: []
2019-12-06 16:02:29,907 INFO o.a.j.e.u.CompoundVariable: Note: Function class names must contain the string: '.functions.'
2019-12-06 16:02:29,907 INFO o.a.j.e.u.CompoundVariable: Note: Function class names must not contain the string: '.gui.'
2019-12-06 16:02:30,321 INFO o.a.j.JMeter: Running test (1575666150321)
2019-12-06 16:02:30,355 INFO o.a.j.e.StandardJMeterEngine: Starting ThreadGroup: 1 : 300 users / 15 minutes) * 1
2019-12-06 16:02:30,356 INFO o.a.j.e.StandardJMeterEngine: Starting 300 threads for group 300 users / 15 minutes) * 1.
2019-12-06 16:02:30,356 INFO o.a.j.e.StandardJMeterEngine: Thread will continue on error
2019-12-06 16:02:30,356 INFO k.a.j.t.AbstractSimpleThreadGroup: Starting thread group number 1 threads 300
2019-12-06 16:02:30,363 INFO o.a.j.s.SampleResult: Note: Sample TimeStamps are START times
2019-12-06 16:02:30,363 INFO o.a.j.s.SampleResult: sampleresult.default.encoding is set to ISO-8859-1
2019-12-06 16:02:30,363 INFO o.a.j.s.SampleResult: sampleresult.useNanoTime=true
2019-12-06 16:02:30,363 INFO o.a.j.s.SampleResult: sampleresult.nanoThreadSleep=5000
2019-12-06 16:02:30,634 INFO k.a.j.t.AbstractSimpleThreadGroup: Started thread group number 1
2019-12-06 16:02:30,634 INFO o.a.j.e.StandardJMeterEngine: All thread groups have been started
2019-12-06 16:02:30,634 INFO o.a.j.t.JMeterThread: Thread started: 300 users / 15 minutes) * 1 1-299
2019-12-06 16:02:30,634 INFO o.a.j.t.JMeterThread: Thread started: 300 users / 15 minutes) * 1 1-300
2019-12-06 16:02:30,657 INFO o.a.j.t.JMeterThread: Thread started: 300 users / 15 minutes) * 1 1-298
2019-12-06 16:02:30,757 INFO o.a.j.t.JMeterThread: Thread started: 300 users / 15 minutes) * 1 1-297
2019-12-06 16:02:30,857 INFO o.a.j.t.JMeterThread: Thread started: 300 users / 15 minutes) * 1 1-296
2019-12-06 16:02:30,956 INFO o.a.j.t.JMeterThread: Thread started: 300 users / 15 minutes) * 1 1-295
2019-12-06 16:02:30,962 INFO o.a.j.p.h.s.HTTPHCAbstractImpl: Local host = DESKTOP-NN5HOD2
2019-12-06 16:02:30,966 INFO o.a.j.p.h.s.HTTPHC4Impl: HTTP request retry count = 0
2019-12-06 16:02:31,057 INFO o.a.j.p.h.p.BaseParser: Created org.apache.jmeter.protocol.http.parser.LagartoBasedHtmlParser
2019-12-06 16:02:31,057 INFO o.a.j.p.h.p.BaseParser: Created org.apache.jmeter.protocol.http.parser.LagartoBasedHtmlParser
2019-12-06 16:02:31,057 INFO o.a.j.p.h.p.BaseParser: Created org.apache.jmeter.protocol.http.parser.LagartoBasedHtmlParser
2019-12-06 16:02:31,057 INFO o.a.j.p.h.p.BaseParser: Created org.apache.jmeter.protocol.http.parser.LagartoBasedHtmlParser
2019-12-06 16:02:31,057 INFO o.a.j.p.h.p.BaseParser: Created org.apache.jmeter.protocol.http.parser.LagartoBasedHtmlParser
2019-12-06 16:02:31,057 INFO o.a.j.t.JMeterThread: Thread started: 300 users / 15 minutes) * 1 1-294
2019-12-06 16:02:31,086 INFO o.a.j.p.h.s.h.LazyLayeredConnectionSocketFactory: Setting up HTTPS TrustAll Socket Factory
2019-12-06 16:02:31,091 INFO o.a.j.u.JsseSSLManager: Using default SSL protocol: TLS
2019-12-06 16:02:31,091 INFO o.a.j.u.JsseSSLManager: SSL session context: per-thread
2019-12-06 16:02:31,157 INFO o.a.j.t.JMeterThread: Thread started: 300 users / 15 minutes) * 1 1-293
2019-12-06 16:02:31,257 INFO o.a.j.t.JMeterThread: Thread started: 300 users / 15 minutes) * 1 1-292
2019-12-06 16:02:31,356 INFO o.a.j.t.JMeterThread: Thread started: 300 users / 15 minutes) * 1 1-291
2019-12-06 16:02:31,457 INFO o.a.j.t.JMeterThread: Thread started: 300 users / 15 minutes) * 1 1-290
2019-12-06 16:02:31,557 INFO o.a.j.t.JMeterThread: Thread started: 300 users / 15 minutes) * 1 1-289
2019-12-06 16:02:31,656 INFO o.a.j.t.JMeterThread: Thread started: 300 users / 15 minutes) * 1 1-288
2019-12-06 16:02:31,661 INFO o.a.j.u.SSLManager: JmeterKeyStore Location:  type JKS
2019-12-06 16:02:31,662 INFO o.a.j.u.SSLManager: KeyStore created OK
2019-12-06 16:02:31,662 WARN o.a.j.u.SSLManager: Keystore file not found, loading empty keystore
2019-12-06 16:02:31,756 INFO o.a.j.t.JMeterThread: Thread started: 300 users / 15 minutes) * 1 1-287
2019-12-06 16:02:31,843 INFO o.a.j.p.h.p.BaseParser: Created org.apache.jmeter.protocol.http.parser.CssParser
2019-12-06 16:02:31,843 INFO o.a.j.p.h.p.BaseParser: Created org.apache.jmeter.protocol.http.parser.CssParser
2019-12-06 16:02:31,843 INFO o.a.j.p.h.p.BaseParser: Created org.apache.jmeter.protocol.http.parser.CssParser
2019-12-06 16:02:31,862 INFO o.a.j.p.h.p.BaseParser: Created org.apache.jmeter.protocol.http.parser.CssParser
2019-12-06 16:02:31,843 INFO o.a.j.p.h.p.BaseParser: Created org.apache.jmeter.protocol.http.parser.CssParser
2019-12-06 16:02:31,864 INFO o.a.j.t.JMeterThread: Thread started: 300 users / 15 minutes) * 1 1-286
2019-12-06 16:02:31,956 INFO o.a.j.t.JMeterThread: Thread started: 300 users / 15 minutes) * 1 1-285
2019-12-06 16:02:32,056 INFO o.a.j.t.JMeterThread: Thread started: 300 users / 15 minutes) * 1 1-284
2019-12-06 16:02:32,156 INFO o.a.j.t.JMeterThread: Thread started: 300 users / 15 minutes) * 1 1-283
2019-12-06 16:02:32,256 INFO o.a.j.t.JMeterThread: Thread started: 300 users / 15 minutes) * 1 1-282
2019-12-06 16:02:32,356 INFO o.a.j.t.JMeterThread: Thread started: 300 users / 15 minutes) * 1 1-281
2019-12-06 16:02:32,456 INFO o.a.j.t.JMeterThread: Thread started: 300 users / 15 minutes) * 1 1-280
2019-12-06 16:02:32,556 INFO o.a.j.t.JMeterThread: Thread started: 300 users / 15 minutes) * 1 1-279
2019-12-06 16:02:32,657 INFO o.a.j.t.JMeterThread: Thread started: 300 users / 15 minutes) * 1 1-278
2019-12-06 16:02:32,721 INFO o.a.j.r.Summariser: summary +      1 in 00:00:02 =    0.4/s Avg:   900 Min:   900 Max:   900 Err:     0 (0.00%) Active: 23 Started: 23 Finished: 0
2019-12-06 16:02:32,757 INFO o.a.j.t.JMeterThread: Thread started: 300 users / 15 minutes) * 1 1-277
2019-12-06 16:02:32,857 INFO o.a.j.t.JMeterThread: Thread started: 300 users / 15 minutes) * 1 1-276
2019-12-06 16:02:32,956 INFO o.a.j.t.JMeterThread: Thread started: 300 users / 15 minutes) * 1 1-275
2019-12-06 16:02:33,057 INFO o.a.j.t.JMeterThread: Thread started: 300 users / 15 minutes) * 1 1-274
2019-12-06 16:02:33,157 INFO o.a.j.t.JMeterThread: Thread started: 300 users / 15 minutes) * 1 1-273
2019-12-06 16:02:33,257 INFO o.a.j.t.JMeterThread: Thread started: 300 users / 15 minutes) * 1 1-272
2019-12-06 16:02:33,356 INFO o.a.j.t.JMeterThread: Thread started: 300 users / 15 minutes) * 1 1-271
2019-12-06 16:02:33,457 INFO o.a.j.t.JMeterThread: Thread started: 300 users / 15 minutes) * 1 1-270
2019-12-06 16:02:33,557 INFO o.a.j.t.JMeterThread: Thread started: 300 users / 15 minutes) * 1 1-269
2019-12-06 16:02:33,656 INFO o.a.j.t.JMeterThread: Thread started: 300 users / 15 minutes) * 1 1-268
2019-12-06 16:02:33,757 INFO o.a.j.t.JMeterThread: Thread started: 300 users / 15 minutes) * 1 1-267
2019-12-06 16:02:33,857 INFO o.a.j.t.JMeterThread: Thread started: 300 users / 15 minutes) * 1 1-266
2019-12-06 16:02:33,956 INFO o.a.j.t.JMeterThread: Thread started: 300 users / 15 minutes) * 1 1-265
2019-12-06 16:02:34,057 INFO o.a.j.t.JMeterThread: Thread started: 300 users / 15 minutes) * 1 1-264
2019-12-06 16:02:34,157 INFO o.a.j.t.JMeterThread: Thread started: 300 users / 15 minutes) * 1 1-263
2019-12-06 16:02:34,256 INFO o.a.j.t.JMeterThread: Thread started: 300 users / 15 minutes) * 1 1-262
2019-12-06 16:02:34,357 INFO o.a.j.t.JMeterThread: Thread started: 300 users / 15 minutes) * 1 1-261
2019-12-06 16:02:34,456 INFO o.a.j.t.JMeterThread: Thread started: 300 users / 15 minutes) * 1 1-260
2019-12-06 16:02:34,557 INFO o.a.j.t.JMeterThread: Thread started: 300 users / 15 minutes) * 1 1-259
2019-12-06 16:02:34,657 INFO o.a.j.t.JMeterThread: Thread started: 300 users / 15 minutes) * 1 1-258
2019-12-06 16:02:34,763 INFO o.a.j.t.JMeterThread: Thread started: 300 users / 15 minutes) * 1 1-257
2019-12-06 16:02:34,856 INFO o.a.j.t.JMeterThread: Thread started: 300 users / 15 minutes) * 1 1-256
2019-12-06 16:02:34,956 INFO o.a.j.t.JMeterThread: Thread started: 300 users / 15 minutes) * 1 1-255
2019-12-06 16:02:35,057 INFO o.a.j.t.JMeterThread: Thread started: 300 users / 15 minutes) * 1 1-254
2019-12-06 16:02:35,156 INFO o.a.j.t.JMeterThread: Thread started: 300 users / 15 minutes) * 1 1-253
2019-12-06 16:02:35,256 INFO o.a.j.t.JMeterThread: Thread started: 300 users / 15 minutes) * 1 1-252
2019-12-06 16:02:35,356 INFO o.a.j.t.JMeterThread: Thread started: 300 users / 15 minutes) * 1 1-251
2019-12-06 16:02:35,457 INFO o.a.j.t.JMeterThread: Thread started: 300 users / 15 minutes) * 1 1-250
2019-12-06 16:02:35,557 INFO o.a.j.t.JMeterThread: Thread started: 300 users / 15 minutes) * 1 1-249
2019-12-06 16:02:35,656 INFO o.a.j.t.JMeterThread: Thread started: 300 users / 15 minutes) * 1 1-248
2019-12-06 16:02:35,756 INFO o.a.j.t.JMeterThread: Thread started: 300 users / 15 minutes) * 1 1-247
2019-12-06 16:02:35,856 INFO o.a.j.t.JMeterThread: Thread started: 300 users / 15 minutes) * 1 1-246
2019-12-06 16:02:35,956 INFO o.a.j.t.JMeterThread: Thread started: 300 users / 15 minutes) * 1 1-245
2019-12-06 16:02:36,056 INFO o.a.j.t.JMeterThread: Thread started: 300 users / 15 minutes) * 1 1-244
2019-12-06 16:02:36,156 INFO o.a.j.t.JMeterThread: Thread started: 300 users / 15 minutes) * 1 1-243
2019-12-06 16:02:36,256 INFO o.a.j.t.JMeterThread: Thread started: 300 users / 15 minutes) * 1 1-242
2019-12-06 16:02:36,356 INFO o.a.j.t.JMeterThread: Thread started: 300 users / 15 minutes) * 1 1-241
2019-12-06 16:02:36,456 INFO o.a.j.t.JMeterThread: Thread started: 300 users / 15 minutes) * 1 1-240
2019-12-06 16:02:36,556 INFO o.a.j.t.JMeterThread: Thread started: 300 users / 15 minutes) * 1 1-239
2019-12-06 16:02:36,656 INFO o.a.j.t.JMeterThread: Thread started: 300 users / 15 minutes) * 1 1-238
2019-12-06 16:02:36,756 INFO o.a.j.t.JMeterThread: Thread started: 300 users / 15 minutes) * 1 1-237
2019-12-06 16:02:36,856 INFO o.a.j.t.JMeterThread: Thread started: 300 users / 15 minutes) * 1 1-236
2019-12-06 16:02:36,957 INFO o.a.j.t.JMeterThread: Thread started: 300 users / 15 minutes) * 1 1-235
2019-12-06 16:02:37,057 INFO o.a.j.t.JMeterThread: Thread started: 300 users / 15 minutes) * 1 1-234
2019-12-06 16:02:37,157 INFO o.a.j.t.JMeterThread: Thread started: 300 users / 15 minutes) * 1 1-233
2019-12-06 16:02:37,256 INFO o.a.j.t.JMeterThread: Thread started: 300 users / 15 minutes) * 1 1-232
2019-12-06 16:02:37,356 INFO o.a.j.t.JMeterThread: Thread started: 300 users / 15 minutes) * 1 1-231
2019-12-06 16:02:37,456 INFO o.a.j.t.JMeterThread: Thread started: 300 users / 15 minutes) * 1 1-230
2019-12-06 16:02:37,557 INFO o.a.j.t.JMeterThread: Thread started: 300 users / 15 minutes) * 1 1-229
2019-12-06 16:02:37,657 INFO o.a.j.t.JMeterThread: Thread started: 300 users / 15 minutes) * 1 1-228
2019-12-06 16:02:37,756 INFO o.a.j.t.JMeterThread: Thread started: 300 users / 15 minutes) * 1 1-227
2019-12-06 16:02:37,856 INFO o.a.j.t.JMeterThread: Thread started: 300 users / 15 minutes) * 1 1-226
2019-12-06 16:02:37,957 INFO o.a.j.t.JMeterThread: Thread started: 300 users / 15 minutes) * 1 1-225
2019-12-06 16:02:38,057 INFO o.a.j.t.JMeterThread: Thread started: 300 users / 15 minutes) * 1 1-224
2019-12-06 16:02:38,157 INFO o.a.j.t.JMeterThread: Thread started: 300 users / 15 minutes) * 1 1-223
2019-12-06 16:02:38,256 INFO o.a.j.t.JMeterThread: Thread started: 300 users / 15 minutes) * 1 1-222
2019-12-06 16:02:38,356 INFO o.a.j.t.JMeterThread: Thread started: 300 users / 15 minutes) * 1 1-221
2019-12-06 16:02:38,457 INFO o.a.j.t.JMeterThread: Thread started: 300 users / 15 minutes) * 1 1-220
2019-12-06 16:02:38,557 INFO o.a.j.t.JMeterThread: Thread started: 300 users / 15 minutes) * 1 1-219
2019-12-06 16:02:38,656 INFO o.a.j.t.JMeterThread: Thread started: 300 users / 15 minutes) * 1 1-218
2019-12-06 16:02:38,756 INFO o.a.j.t.JMeterThread: Thread started: 300 users / 15 minutes) * 1 1-217
2019-12-06 16:02:38,857 INFO o.a.j.t.JMeterThread: Thread started: 300 users / 15 minutes) * 1 1-216
2019-12-06 16:02:38,957 INFO o.a.j.t.JMeterThread: Thread started: 300 users / 15 minutes) * 1 1-215
2019-12-06 16:02:39,057 INFO o.a.j.t.JMeterThread: Thread started: 300 users / 15 minutes) * 1 1-214
2019-12-06 16:02:39,156 INFO o.a.j.t.JMeterThread: Thread started: 300 users / 15 minutes) * 1 1-213
2019-12-06 16:02:39,257 INFO o.a.j.t.JMeterThread: Thread started: 300 users / 15 minutes) * 1 1-212
2019-12-06 16:02:39,357 INFO o.a.j.t.JMeterThread: Thread started: 300 users / 15 minutes) * 1 1-211
2019-12-06 16:02:39,457 INFO o.a.j.t.JMeterThread: Thread started: 300 users / 15 minutes) * 1 1-210
2019-12-06 16:02:39,557 INFO o.a.j.t.JMeterThread: Thread started: 300 users / 15 minutes) * 1 1-209
2019-12-06 16:02:39,657 INFO o.a.j.t.JMeterThread: Thread started: 300 users / 15 minutes) * 1 1-208
2019-12-06 16:02:39,757 INFO o.a.j.t.JMeterThread: Thread started: 300 users / 15 minutes) * 1 1-207
2019-12-06 16:02:39,856 INFO o.a.j.t.JMeterThread: Thread started: 300 users / 15 minutes) * 1 1-206
2019-12-06 16:02:39,957 INFO o.a.j.t.JMeterThread: Thread started: 300 users / 15 minutes) * 1 1-205
2019-12-06 16:02:40,057 INFO o.a.j.t.JMeterThread: Thread started: 300 users / 15 minutes) * 1 1-204
2019-12-06 16:02:40,157 INFO o.a.j.t.JMeterThread: Thread started: 300 users / 15 minutes) * 1 1-203
2019-12-06 16:02:40,257 INFO o.a.j.t.JMeterThread: Thread started: 300 users / 15 minutes) * 1 1-202
2019-12-06 16:02:40,357 INFO o.a.j.t.JMeterThread: Thread started: 300 users / 15 minutes) * 1 1-201
2019-12-06 16:02:40,457 INFO o.a.j.t.JMeterThread: Thread started: 300 users / 15 minutes) * 1 1-200
2019-12-06 16:02:40,557 INFO o.a.j.t.JMeterThread: Thread started: 300 users / 15 minutes) * 1 1-199
2019-12-06 16:02:40,656 INFO o.a.j.t.JMeterThread: Thread started: 300 users / 15 minutes) * 1 1-198
2019-12-06 16:02:40,756 INFO o.a.j.t.JMeterThread: Thread started: 300 users / 15 minutes) * 1 1-197
2019-12-06 16:02:40,856 INFO o.a.j.t.JMeterThread: Thread started: 300 users / 15 minutes) * 1 1-196
2019-12-06 16:02:40,956 INFO o.a.j.t.JMeterThread: Thread started: 300 users / 15 minutes) * 1 1-195
2019-12-06 16:02:41,056 INFO o.a.j.t.JMeterThread: Thread started: 300 users / 15 minutes) * 1 1-194
2019-12-06 16:02:41,156 INFO o.a.j.t.JMeterThread: Thread started: 300 users / 15 minutes) * 1 1-193
2019-12-06 16:02:41,256 INFO o.a.j.t.JMeterThread: Thread started: 300 users / 15 minutes) * 1 1-192
2019-12-06 16:02:41,356 INFO o.a.j.t.JMeterThread: Thread started: 300 users / 15 minutes) * 1 1-191
2019-12-06 16:02:41,456 INFO o.a.j.t.JMeterThread: Thread started: 300 users / 15 minutes) * 1 1-190
2019-12-06 16:02:41,557 INFO o.a.j.t.JMeterThread: Thread started: 300 users / 15 minutes) * 1 1-189
2019-12-06 16:02:41,657 INFO o.a.j.t.JMeterThread: Thread started: 300 users / 15 minutes) * 1 1-188
2019-12-06 16:02:41,757 INFO o.a.j.t.JMeterThread: Thread started: 300 users / 15 minutes) * 1 1-187
2019-12-06 16:02:41,857 INFO o.a.j.t.JMeterThread: Thread started: 300 users / 15 minutes) * 1 1-186
2019-12-06 16:02:41,957 INFO o.a.j.t.JMeterThread: Thread started: 300 users / 15 minutes) * 1 1-185
2019-12-06 16:02:42,057 INFO o.a.j.t.JMeterThread: Thread started: 300 users / 15 minutes) * 1 1-184
2019-12-06 16:02:42,157 INFO o.a.j.t.JMeterThread: Thread started: 300 users / 15 minutes) * 1 1-183
2019-12-06 16:02:42,257 INFO o.a.j.t.JMeterThread: Thread started: 300 users / 15 minutes) * 1 1-182
2019-12-06 16:02:42,357 INFO o.a.j.t.JMeterThread: Thread started: 300 users / 15 minutes) * 1 1-181
2019-12-06 16:02:42,457 INFO o.a.j.t.JMeterThread: Thread started: 300 users / 15 minutes) * 1 1-180
2019-12-06 16:02:42,557 INFO o.a.j.t.JMeterThread: Thread started: 300 users / 15 minutes) * 1 1-179
2019-12-06 16:02:42,657 INFO o.a.j.t.JMeterThread: Thread started: 300 users / 15 minutes) * 1 1-178
2019-12-06 16:02:42,757 INFO o.a.j.t.JMeterThread: Thread started: 300 users / 15 minutes) * 1 1-177
2019-12-06 16:02:42,856 INFO o.a.j.t.JMeterThread: Thread started: 300 users / 15 minutes) * 1 1-176
2019-12-06 16:02:42,957 INFO o.a.j.t.JMeterThread: Thread started: 300 users / 15 minutes) * 1 1-175
2019-12-06 16:02:43,057 INFO o.a.j.t.JMeterThread: Thread started: 300 users / 15 minutes) * 1 1-174
2019-12-06 16:02:43,157 INFO o.a.j.t.JMeterThread: Thread started: 300 users / 15 minutes) * 1 1-173
2019-12-06 16:02:43,256 INFO o.a.j.t.JMeterThread: Thread started: 300 users / 15 minutes) * 1 1-172
2019-12-06 16:02:43,357 INFO o.a.j.t.JMeterThread: Thread started: 300 users / 15 minutes) * 1 1-171
2019-12-06 16:02:43,457 INFO o.a.j.t.JMeterThread: Thread started: 300 users / 15 minutes) * 1 1-170
2019-12-06 16:02:43,556 INFO o.a.j.t.JMeterThread: Thread started: 300 users / 15 minutes) * 1 1-169
2019-12-06 16:02:43,657 INFO o.a.j.t.JMeterThread: Thread started: 300 users / 15 minutes) * 1 1-168
2019-12-06 16:02:43,757 INFO o.a.j.t.JMeterThread: Thread started: 300 users / 15 minutes) * 1 1-167
2019-12-06 16:02:43,857 INFO o.a.j.t.JMeterThread: Thread started: 300 users / 15 minutes) * 1 1-166
2019-12-06 16:02:43,957 INFO o.a.j.t.JMeterThread: Thread started: 300 users / 15 minutes) * 1 1-165
2019-12-06 16:02:44,057 INFO o.a.j.t.JMeterThread: Thread started: 300 users / 15 minutes) * 1 1-164
2019-12-06 16:02:44,157 INFO o.a.j.t.JMeterThread: Thread started: 300 users / 15 minutes) * 1 1-163
2019-12-06 16:02:44,257 INFO o.a.j.t.JMeterThread: Thread started: 300 users / 15 minutes) * 1 1-162
2019-12-06 16:02:44,356 INFO o.a.j.t.JMeterThread: Thread started: 300 users / 15 minutes) * 1 1-161
2019-12-06 16:02:44,456 INFO o.a.j.t.JMeterThread: Thread started: 300 users / 15 minutes) * 1 1-160
2019-12-06 16:02:44,557 INFO o.a.j.t.JMeterThread: Thread started: 300 users / 15 minutes) * 1 1-159
2019-12-06 16:02:44,656 INFO o.a.j.t.JMeterThread: Thread started: 300 users / 15 minutes) * 1 1-158
2019-12-06 16:02:44,756 INFO o.a.j.t.JMeterThread: Thread started: 300 users / 15 minutes) * 1 1-157
2019-12-06 16:02:44,856 INFO o.a.j.t.JMeterThread: Thread started: 300 users / 15 minutes) * 1 1-156
2019-12-06 16:02:44,957 INFO o.a.j.t.JMeterThread: Thread started: 300 users / 15 minutes) * 1 1-155
2019-12-06 16:02:45,056 INFO o.a.j.t.JMeterThread: Thread started: 300 users / 15 minutes) * 1 1-154
2019-12-06 16:02:45,156 INFO o.a.j.t.JMeterThread: Thread started: 300 users / 15 minutes) * 1 1-153
2019-12-06 16:02:45,256 INFO o.a.j.t.JMeterThread: Thread started: 300 users / 15 minutes) * 1 1-152
2019-12-06 16:02:45,357 INFO o.a.j.t.JMeterThread: Thread started: 300 users / 15 minutes) * 1 1-151
2019-12-06 16:02:45,456 INFO o.a.j.t.JMeterThread: Thread started: 300 users / 15 minutes) * 1 1-150
2019-12-06 16:02:45,557 INFO o.a.j.t.JMeterThread: Thread started: 300 users / 15 minutes) * 1 1-149
2019-12-06 16:02:45,657 INFO o.a.j.t.JMeterThread: Thread started: 300 users / 15 minutes) * 1 1-148
2019-12-06 16:02:45,757 INFO o.a.j.t.JMeterThread: Thread started: 300 users / 15 minutes) * 1 1-147
2019-12-06 16:02:45,856 INFO o.a.j.t.JMeterThread: Thread started: 300 users / 15 minutes) * 1 1-146
2019-12-06 16:02:45,957 INFO o.a.j.t.JMeterThread: Thread started: 300 users / 15 minutes) * 1 1-145
2019-12-06 16:02:46,057 INFO o.a.j.t.JMeterThread: Thread started: 300 users / 15 minutes) * 1 1-144
2019-12-06 16:02:46,156 INFO o.a.j.t.JMeterThread: Thread started: 300 users / 15 minutes) * 1 1-143
2019-12-06 16:02:46,257 INFO o.a.j.t.JMeterThread: Thread started: 300 users / 15 minutes) * 1 1-142
2019-12-06 16:02:46,357 INFO o.a.j.t.JMeterThread: Thread started: 300 users / 15 minutes) * 1 1-141
2019-12-06 16:02:46,457 INFO o.a.j.t.JMeterThread: Thread started: 300 users / 15 minutes) * 1 1-140
2019-12-06 16:02:46,556 INFO o.a.j.t.JMeterThread: Thread started: 300 users / 15 minutes) * 1 1-139
2019-12-06 16:02:46,656 INFO o.a.j.t.JMeterThread: Thread started: 300 users / 15 minutes) * 1 1-138
2019-12-06 16:02:46,756 INFO o.a.j.t.JMeterThread: Thread started: 300 users / 15 minutes) * 1 1-137
2019-12-06 16:02:46,856 INFO o.a.j.t.JMeterThread: Thread started: 300 users / 15 minutes) * 1 1-136
2019-12-06 16:02:46,956 INFO o.a.j.t.JMeterThread: Thread started: 300 users / 15 minutes) * 1 1-135
2019-12-06 16:02:47,056 INFO o.a.j.t.JMeterThread: Thread started: 300 users / 15 minutes) * 1 1-134
2019-12-06 16:02:47,156 INFO o.a.j.t.JMeterThread: Thread started: 300 users / 15 minutes) * 1 1-133
2019-12-06 16:02:47,256 INFO o.a.j.t.JMeterThread: Thread started: 300 users / 15 minutes) * 1 1-132
2019-12-06 16:02:47,356 INFO o.a.j.t.JMeterThread: Thread started: 300 users / 15 minutes) * 1 1-131
2019-12-06 16:02:47,456 INFO o.a.j.t.JMeterThread: Thread started: 300 users / 15 minutes) * 1 1-130
2019-12-06 16:02:47,557 INFO o.a.j.t.JMeterThread: Thread started: 300 users / 15 minutes) * 1 1-129
2019-12-06 16:02:47,656 INFO o.a.j.t.JMeterThread: Thread started: 300 users / 15 minutes) * 1 1-128
2019-12-06 16:02:47,756 INFO o.a.j.t.JMeterThread: Thread started: 300 users / 15 minutes) * 1 1-127
2019-12-06 16:02:47,856 INFO o.a.j.t.JMeterThread: Thread started: 300 users / 15 minutes) * 1 1-126
2019-12-06 16:02:47,956 INFO o.a.j.t.JMeterThread: Thread started: 300 users / 15 minutes) * 1 1-125
2019-12-06 16:02:48,056 INFO o.a.j.t.JMeterThread: Thread started: 300 users / 15 minutes) * 1 1-124
2019-12-06 16:02:48,156 INFO o.a.j.t.JMeterThread: Thread started: 300 users / 15 minutes) * 1 1-123
2019-12-06 16:02:48,256 INFO o.a.j.t.JMeterThread: Thread started: 300 users / 15 minutes) * 1 1-122
2019-12-06 16:02:48,359 INFO o.a.j.t.JMeterThread: Thread started: 300 users / 15 minutes) * 1 1-121
2019-12-06 16:02:48,456 INFO o.a.j.t.JMeterThread: Thread started: 300 users / 15 minutes) * 1 1-120
2019-12-06 16:02:48,557 INFO o.a.j.t.JMeterThread: Thread started: 300 users / 15 minutes) * 1 1-119
2019-12-06 16:02:48,657 INFO o.a.j.t.JMeterThread: Thread started: 300 users / 15 minutes) * 1 1-118
2019-12-06 16:02:48,757 INFO o.a.j.t.JMeterThread: Thread started: 300 users / 15 minutes) * 1 1-117
2019-12-06 16:02:48,857 INFO o.a.j.t.JMeterThread: Thread started: 300 users / 15 minutes) * 1 1-116
2019-12-06 16:02:48,957 INFO o.a.j.t.JMeterThread: Thread started: 300 users / 15 minutes) * 1 1-115
2019-12-06 16:02:49,057 INFO o.a.j.t.JMeterThread: Thread started: 300 users / 15 minutes) * 1 1-114
2019-12-06 16:02:49,157 INFO o.a.j.t.JMeterThread: Thread started: 300 users / 15 minutes) * 1 1-113
2019-12-06 16:02:49,257 INFO o.a.j.t.JMeterThread: Thread started: 300 users / 15 minutes) * 1 1-112
2019-12-06 16:02:49,358 INFO o.a.j.t.JMeterThread: Thread started: 300 users / 15 minutes) * 1 1-111
2019-12-06 16:02:49,457 INFO o.a.j.t.JMeterThread: Thread started: 300 users / 15 minutes) * 1 1-110
2019-12-06 16:02:49,557 INFO o.a.j.t.JMeterThread: Thread started: 300 users / 15 minutes) * 1 1-109
2019-12-06 16:02:49,657 INFO o.a.j.t.JMeterThread: Thread started: 300 users / 15 minutes) * 1 1-108
2019-12-06 16:02:49,757 INFO o.a.j.t.JMeterThread: Thread started: 300 users / 15 minutes) * 1 1-107
2019-12-06 16:02:49,857 INFO o.a.j.t.JMeterThread: Thread started: 300 users / 15 minutes) * 1 1-106
2019-12-06 16:02:49,957 INFO o.a.j.t.JMeterThread: Thread started: 300 users / 15 minutes) * 1 1-105
2019-12-06 16:02:50,057 INFO o.a.j.t.JMeterThread: Thread started: 300 users / 15 minutes) * 1 1-104
2019-12-06 16:02:50,157 INFO o.a.j.t.JMeterThread: Thread started: 300 users / 15 minutes) * 1 1-103
2019-12-06 16:02:50,256 INFO o.a.j.t.JMeterThread: Thread started: 300 users / 15 minutes) * 1 1-102
2019-12-06 16:02:50,358 INFO o.a.j.t.JMeterThread: Thread started: 300 users / 15 minutes) * 1 1-101
2019-12-06 16:02:50,488 INFO o.a.j.t.JMeterThread: Thread started: 300 users / 15 minutes) * 1 1-100
2019-12-06 16:02:50,557 INFO o.a.j.t.JMeterThread: Thread started: 300 users / 15 minutes) * 1 1-99
2019-12-06 16:02:50,656 INFO o.a.j.t.JMeterThread: Thread started: 300 users / 15 minutes) * 1 1-98
2019-12-06 16:02:50,756 INFO o.a.j.t.JMeterThread: Thread started: 300 users / 15 minutes) * 1 1-97
2019-12-06 16:02:50,857 INFO o.a.j.t.JMeterThread: Thread started: 300 users / 15 minutes) * 1 1-96
2019-12-06 16:02:50,956 INFO o.a.j.t.JMeterThread: Thread started: 300 users / 15 minutes) * 1 1-95
2019-12-06 16:02:51,056 INFO o.a.j.t.JMeterThread: Thread started: 300 users / 15 minutes) * 1 1-94
2019-12-06 16:02:51,156 INFO o.a.j.t.JMeterThread: Thread started: 300 users / 15 minutes) * 1 1-93
2019-12-06 16:02:51,256 INFO o.a.j.t.JMeterThread: Thread started: 300 users / 15 minutes) * 1 1-92
2019-12-06 16:02:51,357 INFO o.a.j.t.JMeterThread: Thread started: 300 users / 15 minutes) * 1 1-91
2019-12-06 16:02:51,457 INFO o.a.j.t.JMeterThread: Thread started: 300 users / 15 minutes) * 1 1-90
2019-12-06 16:02:51,557 INFO o.a.j.t.JMeterThread: Thread started: 300 users / 15 minutes) * 1 1-89
2019-12-06 16:02:51,657 INFO o.a.j.t.JMeterThread: Thread started: 300 users / 15 minutes) * 1 1-88
2019-12-06 16:02:51,756 INFO o.a.j.t.JMeterThread: Thread started: 300 users / 15 minutes) * 1 1-87
2019-12-06 16:02:51,857 INFO o.a.j.t.JMeterThread: Thread started: 300 users / 15 minutes) * 1 1-86
2019-12-06 16:02:51,957 INFO o.a.j.t.JMeterThread: Thread started: 300 users / 15 minutes) * 1 1-85
2019-12-06 16:02:52,057 INFO o.a.j.t.JMeterThread: Thread started: 300 users / 15 minutes) * 1 1-84
2019-12-06 16:02:52,156 INFO o.a.j.t.JMeterThread: Thread started: 300 users / 15 minutes) * 1 1-83
2019-12-06 16:02:52,257 INFO o.a.j.t.JMeterThread: Thread started: 300 users / 15 minutes) * 1 1-82
2019-12-06 16:02:52,356 INFO o.a.j.t.JMeterThread: Thread started: 300 users / 15 minutes) * 1 1-81
2019-12-06 16:02:52,457 INFO o.a.j.t.JMeterThread: Thread started: 300 users / 15 minutes) * 1 1-80
2019-12-06 16:02:52,556 INFO o.a.j.t.JMeterThread: Thread started: 300 users / 15 minutes) * 1 1-79
2019-12-06 16:02:52,656 INFO o.a.j.t.JMeterThread: Thread started: 300 users / 15 minutes) * 1 1-78
2019-12-06 16:02:52,757 INFO o.a.j.t.JMeterThread: Thread started: 300 users / 15 minutes) * 1 1-77
2019-12-06 16:02:52,857 INFO o.a.j.t.JMeterThread: Thread started: 300 users / 15 minutes) * 1 1-76
2019-12-06 16:02:52,956 INFO o.a.j.t.JMeterThread: Thread started: 300 users / 15 minutes) * 1 1-75
2019-12-06 16:02:53,056 INFO o.a.j.t.JMeterThread: Thread started: 300 users / 15 minutes) * 1 1-74
2019-12-06 16:02:53,156 INFO o.a.j.t.JMeterThread: Thread started: 300 users / 15 minutes) * 1 1-73
2019-12-06 16:02:53,257 INFO o.a.j.t.JMeterThread: Thread started: 300 users / 15 minutes) * 1 1-72
2019-12-06 16:02:53,356 INFO o.a.j.t.JMeterThread: Thread started: 300 users / 15 minutes) * 1 1-71
2019-12-06 16:02:53,456 INFO o.a.j.t.JMeterThread: Thread started: 300 users / 15 minutes) * 1 1-70
2019-12-06 16:02:53,557 INFO o.a.j.t.JMeterThread: Thread started: 300 users / 15 minutes) * 1 1-69
2019-12-06 16:02:53,657 INFO o.a.j.t.JMeterThread: Thread started: 300 users / 15 minutes) * 1 1-68
2019-12-06 16:02:53,757 INFO o.a.j.t.JMeterThread: Thread started: 300 users / 15 minutes) * 1 1-67
2019-12-06 16:02:53,856 INFO o.a.j.t.JMeterThread: Thread started: 300 users / 15 minutes) * 1 1-66
2019-12-06 16:02:53,957 INFO o.a.j.t.JMeterThread: Thread started: 300 users / 15 minutes) * 1 1-65
2019-12-06 16:02:54,057 INFO o.a.j.t.JMeterThread: Thread started: 300 users / 15 minutes) * 1 1-64
2019-12-06 16:02:54,156 INFO o.a.j.t.JMeterThread: Thread started: 300 users / 15 minutes) * 1 1-63
2019-12-06 16:02:54,256 INFO o.a.j.t.JMeterThread: Thread started: 300 users / 15 minutes) * 1 1-62
2019-12-06 16:02:54,357 INFO o.a.j.t.JMeterThread: Thread started: 300 users / 15 minutes) * 1 1-61
2019-12-06 16:02:54,456 INFO o.a.j.t.JMeterThread: Thread started: 300 users / 15 minutes) * 1 1-60
2019-12-06 16:02:54,557 INFO o.a.j.t.JMeterThread: Thread started: 300 users / 15 minutes) * 1 1-59
2019-12-06 16:02:54,656 INFO o.a.j.t.JMeterThread: Thread started: 300 users / 15 minutes) * 1 1-58
2019-12-06 16:02:54,756 INFO o.a.j.t.JMeterThread: Thread started: 300 users / 15 minutes) * 1 1-57
2019-12-06 16:02:54,857 INFO o.a.j.t.JMeterThread: Thread started: 300 users / 15 minutes) * 1 1-56
2019-12-06 16:02:54,956 INFO o.a.j.t.JMeterThread: Thread started: 300 users / 15 minutes) * 1 1-55
2019-12-06 16:02:55,056 INFO o.a.j.t.JMeterThread: Thread started: 300 users / 15 minutes) * 1 1-54
2019-12-06 16:02:55,156 INFO o.a.j.t.JMeterThread: Thread started: 300 users / 15 minutes) * 1 1-53
2019-12-06 16:02:55,256 INFO o.a.j.t.JMeterThread: Thread started: 300 users / 15 minutes) * 1 1-52
2019-12-06 16:02:55,357 INFO o.a.j.t.JMeterThread: Thread started: 300 users / 15 minutes) * 1 1-51
2019-12-06 16:02:55,457 INFO o.a.j.t.JMeterThread: Thread started: 300 users / 15 minutes) * 1 1-50
2019-12-06 16:02:55,557 INFO o.a.j.t.JMeterThread: Thread started: 300 users / 15 minutes) * 1 1-49
2019-12-06 16:02:55,657 INFO o.a.j.t.JMeterThread: Thread started: 300 users / 15 minutes) * 1 1-48
2019-12-06 16:02:55,756 INFO o.a.j.t.JMeterThread: Thread started: 300 users / 15 minutes) * 1 1-47
2019-12-06 16:02:55,857 INFO o.a.j.t.JMeterThread: Thread started: 300 users / 15 minutes) * 1 1-46
2019-12-06 16:02:55,957 INFO o.a.j.t.JMeterThread: Thread started: 300 users / 15 minutes) * 1 1-45
2019-12-06 16:02:56,056 INFO o.a.j.t.JMeterThread: Thread started: 300 users / 15 minutes) * 1 1-44
2019-12-06 16:02:56,157 INFO o.a.j.t.JMeterThread: Thread started: 300 users / 15 minutes) * 1 1-43
2019-12-06 16:02:56,257 INFO o.a.j.t.JMeterThread: Thread started: 300 users / 15 minutes) * 1 1-42
2019-12-06 16:02:56,357 INFO o.a.j.t.JMeterThread: Thread started: 300 users / 15 minutes) * 1 1-41
2019-12-06 16:02:56,457 INFO o.a.j.t.JMeterThread: Thread started: 300 users / 15 minutes) * 1 1-40
2019-12-06 16:02:56,557 INFO o.a.j.t.JMeterThread: Thread started: 300 users / 15 minutes) * 1 1-39
2019-12-06 16:02:56,657 INFO o.a.j.t.JMeterThread: Thread started: 300 users / 15 minutes) * 1 1-38
2019-12-06 16:02:56,756 INFO o.a.j.t.JMeterThread: Thread started: 300 users / 15 minutes) * 1 1-37
2019-12-06 16:02:56,857 INFO o.a.j.t.JMeterThread: Thread started: 300 users / 15 minutes) * 1 1-36
2019-12-06 16:02:56,957 INFO o.a.j.t.JMeterThread: Thread started: 300 users / 15 minutes) * 1 1-35
2019-12-06 16:02:57,057 INFO o.a.j.t.JMeterThread: Thread started: 300 users / 15 minutes) * 1 1-34
2019-12-06 16:02:57,157 INFO o.a.j.t.JMeterThread: Thread started: 300 users / 15 minutes) * 1 1-33
2019-12-06 16:02:57,257 INFO o.a.j.t.JMeterThread: Thread started: 300 users / 15 minutes) * 1 1-32
2019-12-06 16:02:57,357 INFO o.a.j.t.JMeterThread: Thread started: 300 users / 15 minutes) * 1 1-31
2019-12-06 16:02:57,457 INFO o.a.j.t.JMeterThread: Thread started: 300 users / 15 minutes) * 1 1-30
2019-12-06 16:02:57,556 INFO o.a.j.t.JMeterThread: Thread started: 300 users / 15 minutes) * 1 1-29
2019-12-06 16:02:57,656 INFO o.a.j.t.JMeterThread: Thread started: 300 users / 15 minutes) * 1 1-28
2019-12-06 16:02:57,756 INFO o.a.j.t.JMeterThread: Thread started: 300 users / 15 minutes) * 1 1-27
2019-12-06 16:02:57,856 INFO o.a.j.t.JMeterThread: Thread started: 300 users / 15 minutes) * 1 1-26
2019-12-06 16:02:57,956 INFO o.a.j.t.JMeterThread: Thread started: 300 users / 15 minutes) * 1 1-25
2019-12-06 16:02:58,056 INFO o.a.j.t.JMeterThread: Thread started: 300 users / 15 minutes) * 1 1-24
2019-12-06 16:02:58,156 INFO o.a.j.t.JMeterThread: Thread started: 300 users / 15 minutes) * 1 1-23
2019-12-06 16:02:58,256 INFO o.a.j.t.JMeterThread: Thread started: 300 users / 15 minutes) * 1 1-22
2019-12-06 16:02:58,356 INFO o.a.j.t.JMeterThread: Thread started: 300 users / 15 minutes) * 1 1-21
2019-12-06 16:02:58,457 INFO o.a.j.t.JMeterThread: Thread started: 300 users / 15 minutes) * 1 1-20
2019-12-06 16:02:58,557 INFO o.a.j.t.JMeterThread: Thread started: 300 users / 15 minutes) * 1 1-19
2019-12-06 16:02:58,657 INFO o.a.j.t.JMeterThread: Thread started: 300 users / 15 minutes) * 1 1-18
2019-12-06 16:02:58,756 INFO o.a.j.t.JMeterThread: Thread started: 300 users / 15 minutes) * 1 1-17
2019-12-06 16:02:58,857 INFO o.a.j.t.JMeterThread: Thread started: 300 users / 15 minutes) * 1 1-16
2019-12-06 16:02:58,957 INFO o.a.j.t.JMeterThread: Thread started: 300 users / 15 minutes) * 1 1-15
2019-12-06 16:02:59,057 INFO o.a.j.t.JMeterThread: Thread started: 300 users / 15 minutes) * 1 1-14
2019-12-06 16:02:59,156 INFO o.a.j.t.JMeterThread: Thread started: 300 users / 15 minutes) * 1 1-13
2019-12-06 16:02:59,257 INFO o.a.j.t.JMeterThread: Thread started: 300 users / 15 minutes) * 1 1-12
2019-12-06 16:02:59,357 INFO o.a.j.t.JMeterThread: Thread started: 300 users / 15 minutes) * 1 1-11
2019-12-06 16:02:59,457 INFO o.a.j.t.JMeterThread: Thread started: 300 users / 15 minutes) * 1 1-10
2019-12-06 16:02:59,557 INFO o.a.j.t.JMeterThread: Thread started: 300 users / 15 minutes) * 1 1-9
2019-12-06 16:02:59,656 INFO o.a.j.t.JMeterThread: Thread started: 300 users / 15 minutes) * 1 1-8
2019-12-06 16:02:59,756 INFO o.a.j.t.JMeterThread: Thread started: 300 users / 15 minutes) * 1 1-7
2019-12-06 16:02:59,856 INFO o.a.j.t.JMeterThread: Thread started: 300 users / 15 minutes) * 1 1-6
2019-12-06 16:02:59,957 INFO o.a.j.t.JMeterThread: Thread started: 300 users / 15 minutes) * 1 1-5
2019-12-06 16:03:00,056 INFO o.a.j.t.JMeterThread: Thread started: 300 users / 15 minutes) * 1 1-4
2019-12-06 16:03:00,156 INFO o.a.j.t.JMeterThread: Thread started: 300 users / 15 minutes) * 1 1-3
2019-12-06 16:03:00,192 INFO o.a.j.r.Summariser: summary +    381 in 00:00:27 =   13.9/s Avg:  4534 Min:   386 Max: 23943 Err:    23 (6.04%) Active: 298 Started: 298 Finished: 0
2019-12-06 16:03:00,192 INFO o.a.j.r.Summariser: summary =    382 in 00:00:30 =   12.8/s Avg:  4524 Min:   386 Max: 23943 Err:    23 (6.02%)
2019-12-06 16:03:00,256 INFO o.a.j.t.JMeterThread: Thread started: 300 users / 15 minutes) * 1 1-2
2019-12-06 16:03:00,357 INFO o.a.j.t.JMeterThread: Thread started: 300 users / 15 minutes) * 1 1-1
2019-12-06 16:03:30,179 INFO o.a.j.r.Summariser: summary +    452 in 00:00:30 =   15.1/s Avg: 10078 Min:   408 Max: 48187 Err:   119 (26.33%) Active: 300 Started: 300 Finished: 0
2019-12-06 16:03:30,179 INFO o.a.j.r.Summariser: summary =    834 in 00:01:00 =   13.9/s Avg:  7534 Min:   386 Max: 48187 Err:   142 (17.03%)
2019-12-06 16:04:00,013 INFO o.a.j.r.Summariser: summary +    411 in 00:00:30 =   13.8/s Avg: 13685 Min:   453 Max: 72635 Err:   124 (30.17%) Active: 300 Started: 300 Finished: 0
2019-12-06 16:04:00,013 INFO o.a.j.r.Summariser: summary =   1245 in 00:01:30 =   13.9/s Avg:  9565 Min:   386 Max: 72635 Err:   266 (21.37%)
2019-12-06 16:04:30,045 INFO o.a.j.r.Summariser: summary +    405 in 00:00:30 =   13.5/s Avg: 12086 Min:   490 Max: 110524 Err:   105 (25.93%) Active: 300 Started: 300 Finished: 0
2019-12-06 16:04:30,045 INFO o.a.j.r.Summariser: summary =   1650 in 00:02:00 =   13.8/s Avg: 10184 Min:   386 Max: 110524 Err:   371 (22.48%)
2019-12-06 16:05:00,057 INFO o.a.j.r.Summariser: summary +    422 in 00:00:30 =   14.1/s Avg: 11197 Min:   465 Max: 99311 Err:   106 (25.12%) Active: 300 Started: 300 Finished: 0
2019-12-06 16:05:00,057 INFO o.a.j.r.Summariser: summary =   2072 in 00:02:30 =   13.8/s Avg: 10390 Min:   386 Max: 110524 Err:   477 (23.02%)
2019-12-06 16:05:30,286 INFO o.a.j.r.Summariser: summary +    406 in 00:00:30 =   13.4/s Avg: 10550 Min:   350 Max: 152178 Err:    86 (21.18%) Active: 300 Started: 300 Finished: 0
2019-12-06 16:05:30,286 INFO o.a.j.r.Summariser: summary =   2478 in 00:03:00 =   13.8/s Avg: 10416 Min:   350 Max: 152178 Err:   563 (22.72%)
2019-12-06 16:06:00,120 INFO o.a.j.r.Summariser: summary +    435 in 00:00:30 =   14.6/s Avg: 11078 Min:   388 Max: 191670 Err:    92 (21.15%) Active: 300 Started: 300 Finished: 0
2019-12-06 16:06:00,120 INFO o.a.j.r.Summariser: summary =   2913 in 00:03:30 =   13.9/s Avg: 10515 Min:   350 Max: 191670 Err:   655 (22.49%)
2019-12-06 16:06:30,063 INFO o.a.j.r.Summariser: summary +    430 in 00:00:30 =   14.4/s Avg: 10145 Min:   409 Max: 214496 Err:    79 (18.37%) Active: 300 Started: 300 Finished: 0
2019-12-06 16:06:30,063 INFO o.a.j.r.Summariser: summary =   3343 in 00:04:00 =   13.9/s Avg: 10467 Min:   350 Max: 214496 Err:   734 (21.96%)
2019-12-06 16:07:00,155 INFO o.a.j.r.Summariser: summary +    456 in 00:00:30 =   15.2/s Avg:  7983 Min:   405 Max: 222725 Err:    73 (16.01%) Active: 300 Started: 300 Finished: 0
2019-12-06 16:07:00,155 INFO o.a.j.r.Summariser: summary =   3799 in 00:04:30 =   14.1/s Avg: 10169 Min:   350 Max: 222725 Err:   807 (21.24%)
2019-12-06 16:07:30,100 INFO o.a.j.r.Summariser: summary +    428 in 00:00:30 =   14.3/s Avg:  8115 Min:   347 Max: 222427 Err:    55 (12.85%) Active: 300 Started: 300 Finished: 0
2019-12-06 16:07:30,101 INFO o.a.j.r.Summariser: summary =   4227 in 00:05:00 =   14.1/s Avg:  9961 Min:   347 Max: 222725 Err:   862 (20.39%)
2019-12-06 16:08:00,008 INFO o.a.j.r.Summariser: summary +    376 in 00:00:30 =   12.6/s Avg:  8296 Min:   460 Max: 237749 Err:    62 (16.49%) Active: 300 Started: 300 Finished: 0
2019-12-06 16:08:00,008 INFO o.a.j.r.Summariser: summary =   4603 in 00:05:30 =   14.0/s Avg:  9825 Min:   347 Max: 237749 Err:   924 (20.07%)
2019-12-06 16:08:30,178 INFO o.a.j.r.Summariser: summary +    473 in 00:00:30 =   15.7/s Avg:  7321 Min:   369 Max: 317394 Err:    61 (12.90%) Active: 300 Started: 300 Finished: 0
2019-12-06 16:08:30,179 INFO o.a.j.r.Summariser: summary =   5076 in 00:06:00 =   14.1/s Avg:  9592 Min:   347 Max: 317394 Err:   985 (19.41%)
2019-12-06 16:09:00,035 INFO o.a.j.r.Summariser: summary +    430 in 00:00:30 =   14.4/s Avg:  7720 Min:   289 Max: 296416 Err:    52 (12.09%) Active: 300 Started: 300 Finished: 0
2019-12-06 16:09:00,036 INFO o.a.j.r.Summariser: summary =   5506 in 00:06:30 =   14.1/s Avg:  9446 Min:   289 Max: 317394 Err:  1037 (18.83%)
2019-12-06 16:09:30,140 INFO o.a.j.r.Summariser: summary +    355 in 00:00:30 =   11.8/s Avg:  7516 Min:   326 Max: 337767 Err:    41 (11.55%) Active: 300 Started: 300 Finished: 0
2019-12-06 16:09:30,140 INFO o.a.j.r.Summariser: summary =   5861 in 00:07:00 =   14.0/s Avg:  9329 Min:   289 Max: 337767 Err:  1078 (18.39%)
2019-12-06 16:10:00,003 INFO o.a.j.r.Summariser: summary +    336 in 00:00:30 =   11.3/s Avg:  8313 Min:   429 Max: 104705 Err:    51 (15.18%) Active: 300 Started: 300 Finished: 0
2019-12-06 16:10:00,004 INFO o.a.j.r.Summariser: summary =   6197 in 00:07:30 =   13.8/s Avg:  9274 Min:   289 Max: 337767 Err:  1129 (18.22%)
2019-12-06 16:10:30,220 INFO o.a.j.r.Summariser: summary +    398 in 00:00:30 =   13.2/s Avg:  7609 Min:   352 Max: 374459 Err:    51 (12.81%) Active: 300 Started: 300 Finished: 0
2019-12-06 16:10:30,221 INFO o.a.j.r.Summariser: summary =   6595 in 00:08:00 =   13.7/s Avg:  9173 Min:   289 Max: 374459 Err:  1180 (17.89%)
2019-12-06 16:11:00,018 INFO o.a.j.r.Summariser: summary +    455 in 00:00:30 =   15.3/s Avg:  6220 Min:   354 Max: 357259 Err:    37 (8.13%) Active: 300 Started: 300 Finished: 0
2019-12-06 16:11:00,018 INFO o.a.j.r.Summariser: summary =   7050 in 00:08:30 =   13.8/s Avg:  8983 Min:   289 Max: 374459 Err:  1217 (17.26%)
2019-12-06 16:11:30,008 INFO o.a.j.r.Summariser: summary +    432 in 00:00:30 =   14.4/s Avg:  4740 Min:   287 Max: 50825 Err:    33 (7.64%) Active: 300 Started: 300 Finished: 0
2019-12-06 16:11:30,008 INFO o.a.j.r.Summariser: summary =   7482 in 00:09:00 =   13.9/s Avg:  8738 Min:   287 Max: 374459 Err:  1250 (16.71%)
2019-12-06 16:12:00,006 INFO o.a.j.r.Summariser: summary +    439 in 00:00:30 =   14.6/s Avg:  4421 Min:   296 Max: 51216 Err:    32 (7.29%) Active: 300 Started: 300 Finished: 0
2019-12-06 16:12:00,006 INFO o.a.j.r.Summariser: summary =   7921 in 00:09:30 =   13.9/s Avg:  8498 Min:   287 Max: 374459 Err:  1282 (16.18%)
2019-12-06 16:12:30,001 INFO o.a.j.r.Summariser: summary +    409 in 00:00:30 =   13.6/s Avg:  4836 Min:   316 Max: 51686 Err:    28 (6.85%) Active: 300 Started: 300 Finished: 0
2019-12-06 16:12:30,001 INFO o.a.j.r.Summariser: summary =   8330 in 00:10:00 =   13.9/s Avg:  8319 Min:   287 Max: 374459 Err:  1310 (15.73%)
2019-12-06 16:13:00,050 INFO o.a.j.r.Summariser: summary +    453 in 00:00:30 =   15.1/s Avg:  4131 Min:   324 Max: 52103 Err:    33 (7.28%) Active: 300 Started: 300 Finished: 0
2019-12-06 16:13:00,051 INFO o.a.j.r.Summariser: summary =   8783 in 00:10:30 =   13.9/s Avg:  8103 Min:   287 Max: 374459 Err:  1343 (15.29%)
2019-12-06 16:13:30,066 INFO o.a.j.r.Summariser: summary +    432 in 00:00:30 =   14.4/s Avg:  4379 Min:   322 Max: 25256 Err:    27 (6.25%) Active: 300 Started: 300 Finished: 0
2019-12-06 16:13:30,066 INFO o.a.j.r.Summariser: summary =   9215 in 00:11:00 =   14.0/s Avg:  7928 Min:   287 Max: 374459 Err:  1370 (14.87%)
2019-12-06 16:14:00,047 INFO o.a.j.r.Summariser: summary +    476 in 00:00:30 =   15.9/s Avg:  3921 Min:   318 Max: 185743 Err:    21 (4.41%) Active: 300 Started: 300 Finished: 0
2019-12-06 16:14:00,047 INFO o.a.j.r.Summariser: summary =   9691 in 00:11:30 =   14.1/s Avg:  7731 Min:   287 Max: 374459 Err:  1391 (14.35%)
2019-12-06 16:14:30,076 INFO o.a.j.r.Summariser: summary +    467 in 00:00:30 =   15.6/s Avg:  4546 Min:   364 Max: 242150 Err:    26 (5.57%) Active: 300 Started: 300 Finished: 0
2019-12-06 16:14:30,076 INFO o.a.j.r.Summariser: summary =  10158 in 00:12:00 =   14.1/s Avg:  7585 Min:   287 Max: 374459 Err:  1417 (13.95%)
2019-12-06 16:15:00,013 INFO o.a.j.r.Summariser: summary +    428 in 00:00:30 =   14.3/s Avg:  4047 Min:   171 Max: 37979 Err:    28 (6.54%) Active: 300 Started: 300 Finished: 0
2019-12-06 16:15:00,014 INFO o.a.j.r.Summariser: summary =  10586 in 00:12:30 =   14.1/s Avg:  7442 Min:   171 Max: 374459 Err:  1445 (13.65%)
2019-12-06 16:15:30,023 INFO o.a.j.r.Summariser: summary +    432 in 00:00:30 =   14.4/s Avg:  4445 Min:   316 Max: 293945 Err:    19 (4.40%) Active: 300 Started: 300 Finished: 0
2019-12-06 16:15:30,024 INFO o.a.j.r.Summariser: summary =  11018 in 00:13:00 =   14.1/s Avg:  7324 Min:   171 Max: 374459 Err:  1464 (13.29%)
2019-12-06 16:16:00,037 INFO o.a.j.r.Summariser: summary +    432 in 00:00:30 =   14.4/s Avg:  3671 Min:   359 Max: 27307 Err:    12 (2.78%) Active: 300 Started: 300 Finished: 0
2019-12-06 16:16:00,037 INFO o.a.j.r.Summariser: summary =  11450 in 00:13:30 =   14.1/s Avg:  7187 Min:   171 Max: 374459 Err:  1476 (12.89%)
2019-12-06 16:16:30,231 INFO o.a.j.r.Summariser: summary +    417 in 00:00:30 =   13.8/s Avg:  3411 Min:   263 Max: 26746 Err:    15 (3.60%) Active: 300 Started: 300 Finished: 0
2019-12-06 16:16:30,231 INFO o.a.j.r.Summariser: summary =  11867 in 00:14:00 =   14.1/s Avg:  7054 Min:   171 Max: 374459 Err:  1491 (12.56%)
2019-12-06 16:17:00,011 INFO o.a.j.r.Summariser: summary +    390 in 00:00:30 =   13.1/s Avg:  3946 Min:   268 Max: 49978 Err:    19 (4.87%) Active: 300 Started: 300 Finished: 0
2019-12-06 16:17:00,012 INFO o.a.j.r.Summariser: summary =  12257 in 00:14:30 =   14.1/s Avg:  6955 Min:   171 Max: 374459 Err:  1510 (12.32%)
2019-12-06 16:17:30,025 INFO o.a.j.r.Summariser: summary +    398 in 00:00:30 =   13.3/s Avg:  3891 Min:   253 Max: 35785 Err:    14 (3.52%) Active: 300 Started: 300 Finished: 0
2019-12-06 16:17:30,026 INFO o.a.j.r.Summariser: summary =  12655 in 00:15:00 =   14.1/s Avg:  6859 Min:   171 Max: 374459 Err:  1524 (12.04%)
2019-12-06 16:18:00,035 INFO o.a.j.r.Summariser: summary +    421 in 00:00:30 =   14.0/s Avg:  3639 Min:   232 Max: 45458 Err:    12 (2.85%) Active: 300 Started: 300 Finished: 0
2019-12-06 16:18:00,035 INFO o.a.j.r.Summariser: summary =  13076 in 00:15:30 =   14.1/s Avg:  6755 Min:   171 Max: 374459 Err:  1536 (11.75%)
2019-12-06 16:18:04,546 INFO o.a.j.t.JMeterThread: Stopping because end time detected by thread: 300 users / 15 minutes) * 1 1-274
2019-12-06 16:18:04,547 INFO o.a.j.t.JMeterThread: Thread finished: 300 users / 15 minutes) * 1 1-274
2019-12-06 16:18:04,933 INFO o.a.j.t.JMeterThread: Stopping because end time detected by thread: 300 users / 15 minutes) * 1 1-276
2019-12-06 16:18:04,933 INFO o.a.j.t.JMeterThread: Thread finished: 300 users / 15 minutes) * 1 1-276
2019-12-06 16:18:05,488 INFO o.a.j.t.JMeterThread: Stopping because end time detected by thread: 300 users / 15 minutes) * 1 1-250
2019-12-06 16:18:05,488 INFO o.a.j.t.JMeterThread: Thread finished: 300 users / 15 minutes) * 1 1-250
2019-12-06 16:18:06,373 INFO o.a.j.t.JMeterThread: Stopping because end time detected by thread: 300 users / 15 minutes) * 1 1-254
2019-12-06 16:18:06,373 INFO o.a.j.t.JMeterThread: Thread finished: 300 users / 15 minutes) * 1 1-254
2019-12-06 16:18:06,379 INFO o.a.j.t.JMeterThread: Stopping because end time detected by thread: 300 users / 15 minutes) * 1 1-259
2019-12-06 16:18:06,379 INFO o.a.j.t.JMeterThread: Thread finished: 300 users / 15 minutes) * 1 1-259
2019-12-06 16:18:07,190 INFO o.a.j.t.JMeterThread: Stopping because end time detected by thread: 300 users / 15 minutes) * 1 1-290
2019-12-06 16:18:07,191 INFO o.a.j.t.JMeterThread: Thread finished: 300 users / 15 minutes) * 1 1-290
2019-12-06 16:18:08,344 INFO o.a.j.t.JMeterThread: Stopping because end time detected by thread: 300 users / 15 minutes) * 1 1-278
2019-12-06 16:18:08,344 INFO o.a.j.t.JMeterThread: Thread finished: 300 users / 15 minutes) * 1 1-278
2019-12-06 16:18:09,106 INFO o.a.j.t.JMeterThread: Stopping because end time detected by thread: 300 users / 15 minutes) * 1 1-225
2019-12-06 16:18:09,106 INFO o.a.j.t.JMeterThread: Thread finished: 300 users / 15 minutes) * 1 1-225
2019-12-06 16:18:09,997 INFO o.a.j.t.JMeterThread: Stopping because end time detected by thread: 300 users / 15 minutes) * 1 1-228
2019-12-06 16:18:09,997 INFO o.a.j.t.JMeterThread: Thread finished: 300 users / 15 minutes) * 1 1-228
2019-12-06 16:18:10,052 INFO o.a.j.t.JMeterThread: Stopping because end time detected by thread: 300 users / 15 minutes) * 1 1-236
2019-12-06 16:18:10,052 INFO o.a.j.t.JMeterThread: Thread finished: 300 users / 15 minutes) * 1 1-236
2019-12-06 16:18:11,012 INFO o.a.j.t.JMeterThread: Stopping because end time detected by thread: 300 users / 15 minutes) * 1 1-204
2019-12-06 16:18:11,012 INFO o.a.j.t.JMeterThread: Thread finished: 300 users / 15 minutes) * 1 1-204
2019-12-06 16:18:11,768 INFO o.a.j.t.JMeterThread: Stopping because end time detected by thread: 300 users / 15 minutes) * 1 1-258
2019-12-06 16:18:11,769 INFO o.a.j.t.JMeterThread: Thread finished: 300 users / 15 minutes) * 1 1-258
2019-12-06 16:18:12,206 INFO o.a.j.t.JMeterThread: Stopping because end time detected by thread: 300 users / 15 minutes) * 1 1-199
2019-12-06 16:18:12,206 INFO o.a.j.t.JMeterThread: Thread finished: 300 users / 15 minutes) * 1 1-199
2019-12-06 16:18:12,407 INFO o.a.j.t.JMeterThread: Stopping because end time detected by thread: 300 users / 15 minutes) * 1 1-235
2019-12-06 16:18:12,408 INFO o.a.j.t.JMeterThread: Thread finished: 300 users / 15 minutes) * 1 1-235
2019-12-06 16:18:12,882 INFO o.a.j.t.JMeterThread: Stopping because end time detected by thread: 300 users / 15 minutes) * 1 1-243
2019-12-06 16:18:12,883 INFO o.a.j.t.JMeterThread: Thread finished: 300 users / 15 minutes) * 1 1-243
2019-12-06 16:18:13,919 INFO o.a.j.t.JMeterThread: Stopping because end time detected by thread: 300 users / 15 minutes) * 1 1-256
2019-12-06 16:18:13,920 INFO o.a.j.t.JMeterThread: Thread finished: 300 users / 15 minutes) * 1 1-256
2019-12-06 16:18:14,070 INFO o.a.j.t.JMeterThread: Stopping because end time detected by thread: 300 users / 15 minutes) * 1 1-176
2019-12-06 16:18:14,070 INFO o.a.j.t.JMeterThread: Thread finished: 300 users / 15 minutes) * 1 1-176
2019-12-06 16:18:14,505 INFO o.a.j.t.JMeterThread: Stopping because end time detected by thread: 300 users / 15 minutes) * 1 1-257
2019-12-06 16:18:14,505 INFO o.a.j.t.JMeterThread: Thread finished: 300 users / 15 minutes) * 1 1-257
2019-12-06 16:18:14,520 INFO o.a.j.t.JMeterThread: Stopping because end time detected by thread: 300 users / 15 minutes) * 1 1-180
2019-12-06 16:18:14,521 INFO o.a.j.t.JMeterThread: Thread finished: 300 users / 15 minutes) * 1 1-180
2019-12-06 16:18:14,967 INFO o.a.j.t.JMeterThread: Stopping because end time detected by thread: 300 users / 15 minutes) * 1 1-170
2019-12-06 16:18:14,967 INFO o.a.j.t.JMeterThread: Thread finished: 300 users / 15 minutes) * 1 1-170
2019-12-06 16:18:15,611 INFO o.a.j.t.JMeterThread: Stopping because end time detected by thread: 300 users / 15 minutes) * 1 1-155
2019-12-06 16:18:15,612 INFO o.a.j.t.JMeterThread: Thread finished: 300 users / 15 minutes) * 1 1-155
2019-12-06 16:18:15,745 INFO o.a.j.t.JMeterThread: Stopping because end time detected by thread: 300 users / 15 minutes) * 1 1-165
2019-12-06 16:18:15,745 INFO o.a.j.t.JMeterThread: Thread finished: 300 users / 15 minutes) * 1 1-165
2019-12-06 16:18:16,140 INFO o.a.j.t.JMeterThread: Thread finished: 300 users / 15 minutes) * 1 1-142
2019-12-06 16:18:16,195 INFO o.a.j.t.JMeterThread: Stopping because end time detected by thread: 300 users / 15 minutes) * 1 1-162
2019-12-06 16:18:16,195 INFO o.a.j.t.JMeterThread: Thread finished: 300 users / 15 minutes) * 1 1-162
2019-12-06 16:18:16,224 INFO o.a.j.t.JMeterThread: Stopping because end time detected by thread: 300 users / 15 minutes) * 1 1-156
2019-12-06 16:18:16,224 INFO o.a.j.t.JMeterThread: Thread finished: 300 users / 15 minutes) * 1 1-156
2019-12-06 16:18:16,284 INFO o.a.j.t.JMeterThread: Stopping because end time detected by thread: 300 users / 15 minutes) * 1 1-158
2019-12-06 16:18:16,285 INFO o.a.j.t.JMeterThread: Thread finished: 300 users / 15 minutes) * 1 1-158
2019-12-06 16:18:16,335 INFO o.a.j.t.JMeterThread: Stopping because end time detected by thread: 300 users / 15 minutes) * 1 1-144
2019-12-06 16:18:16,335 INFO o.a.j.t.JMeterThread: Thread finished: 300 users / 15 minutes) * 1 1-144
2019-12-06 16:18:16,753 INFO o.a.j.t.JMeterThread: Stopping because end time detected by thread: 300 users / 15 minutes) * 1 1-151
2019-12-06 16:18:16,753 INFO o.a.j.t.JMeterThread: Thread finished: 300 users / 15 minutes) * 1 1-151
2019-12-06 16:18:17,992 INFO o.a.j.t.JMeterThread: Stopping because end time detected by thread: 300 users / 15 minutes) * 1 1-128
2019-12-06 16:18:17,992 INFO o.a.j.t.JMeterThread: Thread finished: 300 users / 15 minutes) * 1 1-128
2019-12-06 16:18:18,379 INFO o.a.j.t.JMeterThread: Stopping because end time detected by thread: 300 users / 15 minutes) * 1 1-129
2019-12-06 16:18:18,379 INFO o.a.j.t.JMeterThread: Thread finished: 300 users / 15 minutes) * 1 1-129
2019-12-06 16:18:18,462 INFO o.a.j.t.JMeterThread: Stopping because end time detected by thread: 300 users / 15 minutes) * 1 1-181
2019-12-06 16:18:18,462 INFO o.a.j.t.JMeterThread: Thread finished: 300 users / 15 minutes) * 1 1-181
2019-12-06 16:18:18,819 INFO o.a.j.t.JMeterThread: Stopping because end time detected by thread: 300 users / 15 minutes) * 1 1-133
2019-12-06 16:18:18,819 INFO o.a.j.t.JMeterThread: Thread finished: 300 users / 15 minutes) * 1 1-133
2019-12-06 16:18:20,420 INFO o.a.j.t.JMeterThread: Stopping because end time detected by thread: 300 users / 15 minutes) * 1 1-150
2019-12-06 16:18:20,420 INFO o.a.j.t.JMeterThread: Thread finished: 300 users / 15 minutes) * 1 1-150
2019-12-06 16:18:20,652 INFO o.a.j.t.JMeterThread: Stopping because end time detected by thread: 300 users / 15 minutes) * 1 1-100
2019-12-06 16:18:20,652 INFO o.a.j.t.JMeterThread: Thread finished: 300 users / 15 minutes) * 1 1-100
2019-12-06 16:18:20,673 INFO o.a.j.t.JMeterThread: Stopping because end time detected by thread: 300 users / 15 minutes) * 1 1-114
2019-12-06 16:18:20,673 INFO o.a.j.t.JMeterThread: Thread finished: 300 users / 15 minutes) * 1 1-114
2019-12-06 16:18:20,946 INFO o.a.j.t.JMeterThread: Stopping because end time detected by thread: 300 users / 15 minutes) * 1 1-125
2019-12-06 16:18:20,946 INFO o.a.j.t.JMeterThread: Thread finished: 300 users / 15 minutes) * 1 1-125
2019-12-06 16:18:21,948 INFO o.a.j.t.JMeterThread: Stopping because end time detected by thread: 300 users / 15 minutes) * 1 1-107
2019-12-06 16:18:21,948 INFO o.a.j.t.JMeterThread: Thread finished: 300 users / 15 minutes) * 1 1-107
2019-12-06 16:18:23,821 INFO o.a.j.t.JMeterThread: Stopping because end time detected by thread: 300 users / 15 minutes) * 1 1-73
2019-12-06 16:18:23,821 INFO o.a.j.t.JMeterThread: Thread finished: 300 users / 15 minutes) * 1 1-73
2019-12-06 16:18:23,983 INFO o.a.j.t.JMeterThread: Stopping because end time detected by thread: 300 users / 15 minutes) * 1 1-71
2019-12-06 16:18:23,983 INFO o.a.j.t.JMeterThread: Thread finished: 300 users / 15 minutes) * 1 1-71
2019-12-06 16:18:24,123 INFO o.a.j.t.JMeterThread: Stopping because end time detected by thread: 300 users / 15 minutes) * 1 1-66
2019-12-06 16:18:24,123 INFO o.a.j.t.JMeterThread: Thread finished: 300 users / 15 minutes) * 1 1-66
2019-12-06 16:18:24,266 INFO o.a.j.t.JMeterThread: Stopping because end time detected by thread: 300 users / 15 minutes) * 1 1-108
2019-12-06 16:18:24,266 INFO o.a.j.t.JMeterThread: Thread finished: 300 users / 15 minutes) * 1 1-108
2019-12-06 16:18:24,360 INFO o.a.j.t.JMeterThread: Stopping because end time detected by thread: 300 users / 15 minutes) * 1 1-101
2019-12-06 16:18:24,361 INFO o.a.j.t.JMeterThread: Thread finished: 300 users / 15 minutes) * 1 1-101
2019-12-06 16:18:24,909 INFO o.a.j.t.JMeterThread: Thread finished: 300 users / 15 minutes) * 1 1-55
2019-12-06 16:18:26,208 INFO o.a.j.t.JMeterThread: Stopping because end time detected by thread: 300 users / 15 minutes) * 1 1-85
2019-12-06 16:18:26,209 INFO o.a.j.t.JMeterThread: Thread finished: 300 users / 15 minutes) * 1 1-85
2019-12-06 16:18:26,693 INFO o.a.j.t.JMeterThread: Stopping because end time detected by thread: 300 users / 15 minutes) * 1 1-47
2019-12-06 16:18:26,693 INFO o.a.j.t.JMeterThread: Thread finished: 300 users / 15 minutes) * 1 1-47
2019-12-06 16:18:28,414 INFO o.a.j.t.JMeterThread: Stopping because end time detected by thread: 300 users / 15 minutes) * 1 1-23
2019-12-06 16:18:28,414 INFO o.a.j.t.JMeterThread: Thread finished: 300 users / 15 minutes) * 1 1-23
2019-12-06 16:18:28,465 INFO o.a.j.t.JMeterThread: Stopping because end time detected by thread: 300 users / 15 minutes) * 1 1-20
2019-12-06 16:18:28,465 INFO o.a.j.t.JMeterThread: Thread finished: 300 users / 15 minutes) * 1 1-20
2019-12-06 16:18:28,625 INFO o.a.j.t.JMeterThread: Stopping because end time detected by thread: 300 users / 15 minutes) * 1 1-43
2019-12-06 16:18:28,625 INFO o.a.j.t.JMeterThread: Thread finished: 300 users / 15 minutes) * 1 1-43
2019-12-06 16:18:28,975 INFO o.a.j.t.JMeterThread: Stopping because end time detected by thread: 300 users / 15 minutes) * 1 1-16
2019-12-06 16:18:28,975 INFO o.a.j.t.JMeterThread: Thread finished: 300 users / 15 minutes) * 1 1-16
2019-12-06 16:18:29,305 INFO o.a.j.t.JMeterThread: Thread finished: 300 users / 15 minutes) * 1 1-10
2019-12-06 16:18:30,234 INFO o.a.j.r.Summariser: summary +    374 in 00:00:30 =   12.4/s Avg:  2873 Min:    96 Max: 25171 Err:    11 (2.94%) Active: 250 Started: 300 Finished: 50
2019-12-06 16:18:30,235 INFO o.a.j.r.Summariser: summary =  13450 in 00:16:00 =   14.0/s Avg:  6647 Min:    96 Max: 374459 Err:  1547 (11.50%)
2019-12-06 16:18:30,600 INFO o.a.j.t.JMeterThread: Stopping because end time detected by thread: 300 users / 15 minutes) * 1 1-2
2019-12-06 16:18:30,600 INFO o.a.j.t.JMeterThread: Thread finished: 300 users / 15 minutes) * 1 1-2
2019-12-06 16:18:31,141 INFO o.a.j.t.JMeterThread: Stopping because end time detected by thread: 300 users / 15 minutes) * 1 1-21
2019-12-06 16:18:31,141 INFO o.a.j.t.JMeterThread: Thread finished: 300 users / 15 minutes) * 1 1-21
2019-12-06 16:23:13,779 INFO o.a.j.r.ResultCollector: Shutdown hook started
2019-12-06 16:23:13,779 INFO o.a.j.r.ResultCollector: Shutdown hook ended
